<?xml version="1.0" encoding="UTF-8"?>
<!-- Generated by org.testng.reporters.JUnitXMLReporter -->
<testsuite hostname="ATMECSINLT-404" ignored="0" name="Default test" tests="6" failures="0" timestamp="2020-09-14T16:23:50 IST" time="15.512" errors="0">
  <testcase name="launchBrowser" time="6.163" classname="TestngBasics1.ShoppingSignup"/>
  <testcase name="login" time="0.664" classname="TestngBasics1.ShoppingSignup"/>
  <testcase name="contactUs" time="1.331" classname="TestngBasics1.ShoppingSignup"/>
  <testcase name="addToCart" time="3.292" classname="TestngBasics1.ShoppingSignup"/>
  <testcase name="placeOrder" time="3.41" classname="TestngBasics1.ShoppingSignup"/>
  <testcase name="closeBrowser" time="0.572" classname="TestngBasics1.ShoppingSignup"/>
</testsuite> <!-- Default test -->
