<?xml version="1.0" encoding="UTF-8"?>
<!-- Generated by org.testng.reporters.JUnitXMLReporter -->
<testsuite hostname="ATMECSINLT-404" ignored="0" name="Default test" tests="6" failures="0" timestamp="2020-09-14T19:04:39 IST" time="22.326" errors="0">
  <testcase name="launchBrowser" time="9.595" classname="TestngBasics1.ShoppingSignup"/>
  <testcase name="login" time="2.78" classname="TestngBasics1.ShoppingSignup"/>
  <testcase name="contactUs" time="1.479" classname="TestngBasics1.ShoppingSignup"/>
  <testcase name="addToCart" time="5.026" classname="TestngBasics1.ShoppingSignup"/>
  <testcase name="placeOrder" time="1.193" classname="TestngBasics1.ShoppingSignup"/>
  <testcase name="closeBrowser" time="2.165" classname="TestngBasics1.ShoppingSignup"/>
</testsuite> <!-- Default test -->
