<?xml version="1.0" encoding="UTF-8"?>
<!-- Generated by org.testng.reporters.JUnitXMLReporter -->
<testsuite hostname="ATMECSINLT-404" ignored="0" name="Test" tests="4" failures="3" timestamp="2020-09-18T18:08:08 IST" time="10.673" errors="0">
  <testcase name="login" time="10.508" classname="com.testngfirstpackage.DemoBlazeLoginTest1"/>
  <testcase name="contactUs" time="0.005" classname="com.testngfirstpackage.DemoBlazeContactusTest">
    <failure type="java.lang.NullPointerException">
      <![CDATA[java.lang.NullPointerException
at com.testngfirstpackage.DemoBlazeContactusTest.contactUs(DemoBlazeContactusTest.java:15)
at java.util.ArrayList.forEach(Unknown Source)
... Removed 27 stack frames]]>
    </failure>
  </testcase> <!-- contactUs -->
  <testcase name="placeOrder" time="0.037" classname="com.testngfirstpackage.DemoBlazePlaceOrderTest">
    <failure type="java.lang.NullPointerException">
      <![CDATA[java.lang.NullPointerException
at com.testngfirstpackage.DemoBlazePlaceOrderTest.placeOrder(DemoBlazePlaceOrderTest.java:13)
at java.util.ArrayList.forEach(Unknown Source)
... Removed 27 stack frames]]>
    </failure>
  </testcase> <!-- placeOrder -->
  <testcase name="addToCart" time="0.003" classname="com.testngfirstpackage.DemoBlazeAddToCartTest">
    <failure type="java.lang.NullPointerException">
      <![CDATA[java.lang.NullPointerException
at com.testngfirstpackage.DemoBlazeAddToCartTest.addToCart(DemoBlazeAddToCartTest.java:19)
at java.util.ArrayList.forEach(Unknown Source)
... Removed 27 stack frames]]>
    </failure>
  </testcase> <!-- addToCart -->
</testsuite> <!-- Test -->
