<?xml version="1.0" encoding="UTF-8"?>
<testng-results skipped="0" failed="0" ignored="0" total="1" passed="1">
  <reporter-output>
  </reporter-output>
  <suite name="Default suite" duration-ms="80536" started-at="2020-09-18T11:43:52 IST" finished-at="2020-09-18T11:45:13 IST">
    <groups>
    </groups>
    <test name="Default test" duration-ms="80536" started-at="2020-09-18T11:43:52 IST" finished-at="2020-09-18T11:45:13 IST">
      <class name="TestngBasics1.newChat">
        <test-method status="PASS" signature="launch()[pri:0, instance:TestngBasics1.newChat@49fc609f]" name="launch" is-config="true" duration-ms="65822" started-at="2020-09-18T11:43:52 IST" finished-at="2020-09-18T11:44:58 IST">
          <reporter-output>
          </reporter-output>
        </test-method> <!-- launch -->
        <test-method status="PASS" signature="login()[pri:0, instance:TestngBasics1.newChat@49fc609f]" name="login" duration-ms="14236" started-at="2020-09-18T11:44:58 IST" finished-at="2020-09-18T11:45:13 IST">
          <reporter-output>
          </reporter-output>
        </test-method> <!-- login -->
        <test-method status="PASS" signature="close()[pri:0, instance:TestngBasics1.newChat@49fc609f]" name="close" is-config="true" duration-ms="357" started-at="2020-09-18T11:45:13 IST" finished-at="2020-09-18T11:45:13 IST">
          <reporter-output>
          </reporter-output>
        </test-method> <!-- close -->
      </class> <!-- TestngBasics1.newChat -->
    </test> <!-- Default test -->
  </suite> <!-- Default suite -->
</testng-results>
